~~~[substitute]~~~ substituting Udag(0,0)
~~~[substitute]~~~ substituting Udag(0,1)
~~~[substitute]~~~ substituting Udag(0,2)
~~~[substitute]~~~ substituting Udag(1,0)
~~~[substitute]~~~ substituting Udag(1,1)
~~~[substitute]~~~ substituting Udag(1,2)
~~~[substitute]~~~ substituting Udag(2,0)
~~~[substitute]~~~ substituting Udag(2,1)
~~~[substitute]~~~ substituting Udag(2,2)
~~~[substitute]~~~ substituting Udag(3,0)
~~~[substitute]~~~ substituting Udag(3,1)
~~~[substitute]~~~ substituting Udag(3,2)
~~~[substitute]~~~ substituting Udag(4,0)
~~~[substitute]~~~ substituting Udag(4,1)
~~~[substitute]~~~ substituting Udag(4,2)

Time =       0.00 sec    Generated terms =          0
     bbUdag1M4V2         Terms in output =          0
                         Bytes used      =          4

Time =       0.00 sec    Generated terms =          0
     bbUdag1M4V2         Terms in output =          0
                         Bytes used      =          4

Time =       0.00 sec    Generated terms =          0
     bbUdag1M4V2         Terms in output =          0
                         Bytes used      =          4

   bbUdag1M4V2 = 0;


Time =       0.00 sec    Generated terms =          0
     bbUdag1M4V2         Terms in output =          0
                         Bytes used      =          4
